生成启动时间为 2019/4/26 15:45:59。
     1>项目“D:\vs2012 project\done\Clean\Clean\Clean.vcxproj”在节点 2 上(Build 个目标)。
     1>ClCompile:
         C:\Program Files (x86)\Microsoft Visual Studio 11.0\VC\bin\CL.exe /c /ZI /nologo /W3 /WX- /sdl /Od /Oy- /D WIN32 /D _WINDOWS /D _DEBUG /D _UNICODE /D UNICODE /D _AFXDLL /Gm /EHsc /RTC1 /MDd /GS /fp:precise /Zc:wchar_t /Zc:forScope /Yc"stdafx.h" /Fp"Debug\Clean.pch" /Fo"Debug\\" /Fd"Debug\vc110.pdb" /Gd /TP /analyze- /errorReport:prompt stdafx.cpp
         stdafx.cpp
         C:\Program Files (x86)\Microsoft Visual Studio 11.0\VC\bin\CL.exe /c /ZI /nologo /W3 /WX- /sdl /Od /Oy- /D WIN32 /D _WINDOWS /D _DEBUG /D _UNICODE /D UNICODE /D _AFXDLL /Gm /EHsc /RTC1 /MDd /GS /fp:precise /Zc:wchar_t /Zc:forScope /Yu"stdafx.h" /Fp"Debug\Clean.pch" /Fo"Debug\\" /Fd"Debug\vc110.pdb" /Gd /TP /analyze- /errorReport:prompt Clean.cpp CleanDlg.cpp MyComboBox.cpp MyListCtrlPath.cpp MyListCtrlShow.cpp MySetDlg.cpp MyShowDlg.cpp MyTabCtrl.cpp MyThreadPool.cpp MyTreeCtrl.cpp
         MyTreeCtrl.cpp
         MyThreadPool.cpp
         MyTabCtrl.cpp
         MyShowDlg.cpp
         MySetDlg.cpp
         MyListCtrlShow.cpp
         MyListCtrlPath.cpp
         MyComboBox.cpp
         CleanDlg.cpp
         Clean.cpp
         正在生成代码...
       ResourceCompile:
         C:\Program Files (x86)\Windows Kits\8.0\bin\x86\rc.exe /D _DEBUG /D _UNICODE /D UNICODE /D _AFXDLL /l"0x0804" /IDebug\ /nologo /fo"Debug\Clean.res" Clean.rc 
       Link:
         C:\Program Files (x86)\Microsoft Visual Studio 11.0\VC\bin\link.exe /ERRORREPORT:PROMPT /OUT:"D:\vs2012 project\done\Clean\Debug\Clean.exe" /INCREMENTAL /NOLOGO /MANIFEST /MANIFESTUAC:"level='asInvoker' uiAccess='false'" /manifest:embed /manifestinput:"C:\Program Files (x86)\Microsoft Visual Studio 11.0\VC\Include\Manifest\dpiaware.manifest" /DEBUG /PDB:"D:\vs2012 project\done\Clean\Debug\Clean.pdb" /SUBSYSTEM:WINDOWS /TLBID:1 /ENTRY:"wWinMainCRTStartup" /DYNAMICBASE /NXCOMPAT /IMPLIB:"D:\vs2012 project\done\Clean\Debug\Clean.lib" /MACHINE:X86 Debug\Clean.res
         Debug\Clean.obj
         Debug\CleanDlg.obj
         Debug\MyComboBox.obj
         Debug\MyListCtrlPath.obj
         Debug\MyListCtrlShow.obj
         Debug\MySetDlg.obj
         Debug\MyShowDlg.obj
         Debug\MyTabCtrl.obj
         Debug\MyThreadPool.obj
         Debug\MyTreeCtrl.obj
         Debug\stdafx.obj
         Clean.vcxproj -> D:\vs2012 project\done\Clean\Debug\Clean.exe
     1>已完成生成项目“D:\vs2012 project\done\Clean\Clean\Clean.vcxproj”(Build 个目标)的操作。

生成成功。

已用时间 00:00:17.27
